2021-10-05 17:07:34,439 - INFO - MemoryGame : Starting game
2021-10-05 17:08:17,461 - INFO - MemoryGame : Starting game
2021-10-05 17:21:32,619 - INFO - MemoryGame : Starting memory game
2021-10-05 17:21:32,620 - INFO - MemoryGame : Loading game config from file
2021-10-05 17:22:04,200 - INFO - MemoryGame : Starting memory game
2021-10-05 17:22:04,201 - INFO - MemoryGame : Loading game config from file
2021-10-05 17:22:19,535 - INFO - MemoryGame : Starting memory game
2021-10-05 17:22:19,535 - INFO - MemoryGame : Loading game config from file
2021-10-05 17:22:19,536 - ERROR - MemoryGame : Board is too big for the amount of colors
2021-10-05 17:22:47,831 - INFO - MemoryGame : Starting memory game
2021-10-05 17:22:47,842 - INFO - MemoryGame : Loading game config from file
2021-10-05 17:22:47,843 - ERROR - MemoryGame : Board is too big for the amount of colors
2021-10-05 17:23:01,243 - INFO - MemoryGame : Starting memory game
2021-10-05 17:23:01,243 - INFO - MemoryGame : Loading game config from file
2021-10-05 17:24:21,081 - INFO - MemoryGame : Starting memory game
2021-10-05 17:24:21,081 - INFO - MemoryGame : Loading game config from file
2021-10-05 17:24:32,076 - INFO - MemoryGame : Starting memory game
2021-10-05 17:24:32,077 - INFO - MemoryGame : Loading game config from file
2021-10-05 17:24:35,223 - INFO - MemoryGame : Game has finished
2021-10-05 17:24:44,733 - INFO - MemoryGame : Game has finished
2021-10-05 17:28:35,584 - INFO - MemoryGame : Starting memory game
2021-10-05 17:28:35,584 - INFO - MemoryGame : Loading game config from file
2021-10-05 17:28:36,856 - INFO - MemoryGame : Creating game window
2021-10-05 17:28:36,890 - INFO - MemoryGame : Creating game window
2021-10-05 17:28:36,923 - INFO - MemoryGame : Creating game window
2021-10-05 17:28:36,957 - INFO - MemoryGame : Creating game window
2021-10-05 17:28:36,990 - INFO - MemoryGame : Creating game window
2021-10-05 17:28:37,023 - INFO - MemoryGame : Creating game window
2021-10-05 17:28:37,057 - INFO - MemoryGame : Creating game window
2021-10-05 17:28:37,091 - INFO - MemoryGame : Creating game window
2021-10-05 17:28:37,123 - INFO - MemoryGame : Creating game window
2021-10-05 17:28:37,157 - INFO - MemoryGame : Creating game window
2021-10-05 17:28:37,190 - INFO - MemoryGame : Creating game window
2021-10-05 17:28:37,223 - INFO - MemoryGame : Creating game window
2021-10-05 17:28:37,256 - INFO - MemoryGame : Creating game window
2021-10-05 17:28:37,289 - INFO - MemoryGame : Creating game window
2021-10-05 17:28:37,322 - INFO - MemoryGame : Creating game window
2021-10-05 17:28:37,355 - INFO - MemoryGame : Creating game window
2021-10-05 17:28:37,388 - INFO - MemoryGame : Creating game window
2021-10-05 17:28:37,422 - INFO - MemoryGame : Creating game window
2021-10-05 17:28:37,456 - INFO - MemoryGame : Creating game window
2021-10-05 17:28:37,490 - INFO - MemoryGame : Creating game window
2021-10-05 17:28:37,524 - INFO - MemoryGame : Creating game window
2021-10-05 17:28:37,557 - INFO - MemoryGame : Creating game window
2021-10-05 17:28:37,590 - INFO - MemoryGame : Creating game window
2021-10-05 17:28:37,624 - INFO - MemoryGame : Creating game window
2021-10-05 17:28:37,657 - INFO - MemoryGame : Creating game window
2021-10-05 17:28:37,691 - INFO - MemoryGame : Creating game window
2021-10-05 17:28:37,724 - INFO - MemoryGame : Creating game window
2021-10-05 17:28:37,758 - INFO - MemoryGame : Creating game window
2021-10-05 17:28:37,791 - INFO - MemoryGame : Creating game window
2021-10-05 17:28:37,824 - INFO - MemoryGame : Creating game window
2021-10-05 17:28:37,856 - INFO - MemoryGame : Creating game window
2021-10-05 17:28:37,890 - INFO - MemoryGame : Creating game window
2021-10-05 17:28:37,923 - INFO - MemoryGame : Creating game window
2021-10-05 17:28:37,956 - INFO - MemoryGame : Creating game window
2021-10-05 17:28:37,990 - INFO - MemoryGame : Creating game window
2021-10-05 17:28:38,023 - INFO - MemoryGame : Creating game window
2021-10-05 17:28:38,057 - INFO - MemoryGame : Creating game window
2021-10-05 17:28:38,089 - INFO - MemoryGame : Creating game window
2021-10-05 17:28:38,123 - INFO - MemoryGame : Creating game window
2021-10-05 17:28:38,156 - INFO - MemoryGame : Creating game window
2021-10-05 17:28:38,189 - INFO - MemoryGame : Creating game window
2021-10-05 17:28:38,223 - INFO - MemoryGame : Creating game window
2021-10-05 17:28:38,256 - INFO - MemoryGame : Creating game window
2021-10-05 17:28:38,290 - INFO - MemoryGame : Creating game window
2021-10-05 17:28:38,322 - INFO - MemoryGame : Creating game window
2021-10-05 17:28:38,356 - INFO - MemoryGame : Creating game window
2021-10-05 17:28:38,390 - INFO - MemoryGame : Creating game window
2021-10-05 17:28:38,424 - INFO - MemoryGame : Creating game window
2021-10-05 17:28:38,456 - INFO - MemoryGame : Creating game window
2021-10-05 17:28:38,490 - INFO - MemoryGame : Creating game window
2021-10-05 17:28:38,523 - INFO - MemoryGame : Creating game window
2021-10-05 17:28:38,555 - INFO - MemoryGame : Creating game window
2021-10-05 17:28:38,589 - INFO - MemoryGame : Creating game window
2021-10-05 17:28:38,622 - INFO - MemoryGame : Creating game window
2021-10-05 17:28:38,656 - INFO - MemoryGame : Creating game window
2021-10-05 17:28:38,689 - INFO - MemoryGame : Creating game window
2021-10-05 17:28:38,723 - INFO - MemoryGame : Creating game window
2021-10-05 17:28:38,758 - INFO - MemoryGame : Creating game window
2021-10-05 17:28:38,791 - INFO - MemoryGame : Creating game window
2021-10-05 17:28:38,823 - INFO - MemoryGame : Creating game window
2021-10-05 17:28:38,857 - INFO - MemoryGame : Creating game window
2021-10-05 17:28:38,891 - INFO - MemoryGame : Creating game window
2021-10-05 17:28:38,924 - INFO - MemoryGame : Creating game window
2021-10-05 17:30:01,194 - INFO - MemoryGame : Starting memory game
2021-10-05 17:30:01,195 - INFO - MemoryGame : Loading game config from file
2021-10-05 17:30:52,111 - INFO - MemoryGame : Starting memory game
2021-10-05 17:30:52,112 - INFO - MemoryGame : Loading game config from file
2021-10-05 17:30:54,852 - INFO - MemoryGame : Found matching shapes
2021-10-05 17:31:16,386 - INFO - MemoryGame : Starting memory game
2021-10-05 17:31:16,386 - INFO - MemoryGame : Loading game config from file
2021-10-05 17:31:22,490 - INFO - MemoryGame : Found matching shapes
2021-10-05 17:32:25,278 - INFO - MemoryGame : Starting memory game
2021-10-05 17:32:25,279 - INFO - MemoryGame : Loading game config from file
2021-10-05 17:32:27,120 - INFO - MemoryGame : Picked a box
2021-10-05 17:32:28,321 - INFO - MemoryGame : Picked a box
2021-10-05 17:32:29,422 - INFO - MemoryGame : Picked a box
2021-10-05 17:32:30,649 - INFO - MemoryGame : Picked a box
2021-10-05 17:32:31,785 - INFO - MemoryGame : Chosen shapes do not match
2021-10-05 17:32:53,565 - INFO - MemoryGame : Starting memory game
2021-10-05 17:32:53,566 - INFO - MemoryGame : Loading game config from file
2021-10-05 17:32:55,405 - INFO - MemoryGame : Picked a box
2021-10-05 17:32:55,939 - INFO - MemoryGame : Picked a box
2021-10-05 17:32:57,240 - INFO - MemoryGame : Picked a box
2021-10-05 17:32:57,605 - INFO - MemoryGame : Picked a box
2021-10-05 17:32:57,605 - INFO - MemoryGame : Chosen shapes do not match
2021-10-05 17:32:59,008 - INFO - MemoryGame : Picked a box
2021-10-05 17:32:59,341 - INFO - MemoryGame : Picked a box
2021-10-05 17:32:59,341 - INFO - MemoryGame : Chosen shapes do not match
2021-10-05 17:33:33,972 - INFO - MemoryGame : Starting memory game
2021-10-05 17:33:33,972 - INFO - MemoryGame : Loading game config from file
2021-10-05 17:33:35,845 - INFO - MemoryGame : Picked a pair of boxes
2021-10-05 17:33:37,846 - INFO - MemoryGame : Picked a pair of boxes
2021-10-05 17:33:38,314 - INFO - MemoryGame : Chosen shapes do not match
2021-10-05 17:33:40,252 - INFO - MemoryGame : Picked a pair of boxes
2021-10-05 17:33:55,202 - INFO - MemoryGame : Starting memory game
2021-10-05 17:33:55,202 - INFO - MemoryGame : Loading game config from file
2021-10-05 17:33:57,956 - INFO - MemoryGame : Picked a pair of boxes
2021-10-05 17:33:59,921 - INFO - MemoryGame : Picked a pair of boxes
2021-10-05 17:33:59,921 - INFO - MemoryGame : Chosen shapes do not match
2021-10-05 17:38:56,479 - INFO - MemoryGame : Starting memory game
2021-10-05 17:38:56,480 - INFO - MemoryGame : Loading game config from file
2021-10-05 17:38:58,967 - INFO - MemoryGame : Picked a pair of boxes
2021-10-05 17:38:58,967 - INFO - MemoryGame : Found matching shapes
2021-10-05 17:39:01,103 - INFO - MemoryGame : Picked a pair of boxes
2021-10-05 17:39:01,103 - INFO - MemoryGame : Chosen shapes do not match
2021-10-05 17:39:03,405 - INFO - MemoryGame : Picked a pair of boxes
2021-10-05 17:39:03,405 - INFO - MemoryGame : Chosen shapes do not match
2021-10-05 17:39:05,476 - INFO - MemoryGame : Picked a pair of boxes
2021-10-05 17:39:05,476 - INFO - MemoryGame : Chosen shapes do not match
2021-10-05 17:39:08,050 - INFO - MemoryGame : Picked a pair of boxes
2021-10-05 17:39:08,050 - INFO - MemoryGame : Found matching shapes
2021-10-05 17:39:09,478 - INFO - MemoryGame : Picked a pair of boxes
2021-10-05 17:39:09,478 - INFO - MemoryGame : Chosen shapes do not match
2021-10-05 17:39:12,113 - INFO - MemoryGame : Picked a pair of boxes
2021-10-05 17:39:12,113 - INFO - MemoryGame : Chosen shapes do not match
2021-10-05 17:39:14,516 - INFO - MemoryGame : Picked a pair of boxes
2021-10-05 17:39:14,516 - INFO - MemoryGame : Found matching shapes
2021-10-05 17:39:16,386 - INFO - MemoryGame : Picked a pair of boxes
2021-10-05 17:39:16,386 - INFO - MemoryGame : Chosen shapes do not match
2021-10-05 17:39:18,621 - INFO - MemoryGame : Picked a pair of boxes
2021-10-05 17:39:18,621 - INFO - MemoryGame : Found matching shapes
2021-10-05 17:39:20,223 - INFO - MemoryGame : Picked a pair of boxes
2021-10-05 17:39:20,223 - INFO - MemoryGame : Chosen shapes do not match
2021-10-05 17:39:22,325 - INFO - MemoryGame : Picked a pair of boxes
2021-10-05 17:39:22,325 - INFO - MemoryGame : Chosen shapes do not match
2021-10-05 17:39:24,397 - INFO - MemoryGame : Picked a pair of boxes
2021-10-05 17:39:24,397 - INFO - MemoryGame : Found matching shapes
2021-10-05 17:39:25,963 - INFO - MemoryGame : Picked a pair of boxes
2021-10-05 17:39:25,963 - INFO - MemoryGame : Chosen shapes do not match
2021-10-05 17:39:29,600 - INFO - MemoryGame : Picked a pair of boxes
2021-10-05 17:39:29,600 - INFO - MemoryGame : Chosen shapes do not match
2021-10-05 17:39:32,208 - INFO - MemoryGame : Picked a pair of boxes
2021-10-05 17:39:32,208 - INFO - MemoryGame : Chosen shapes do not match
2021-10-05 17:39:34,372 - INFO - MemoryGame : Picked a pair of boxes
2021-10-05 17:39:34,372 - INFO - MemoryGame : Found matching shapes
2021-10-05 17:39:36,105 - INFO - MemoryGame : Picked a pair of boxes
2021-10-05 17:39:36,105 - INFO - MemoryGame : Found matching shapes
2021-10-05 17:39:37,943 - INFO - MemoryGame : Picked a pair of boxes
2021-10-05 17:39:37,943 - INFO - MemoryGame : Found matching shapes
2021-10-05 17:39:39,244 - INFO - MemoryGame : Picked a pair of boxes
2021-10-05 17:39:39,244 - INFO - MemoryGame : Found matching shapes
2021-10-05 17:39:40,306 - INFO - MemoryGame : Picked a pair of boxes
2021-10-05 17:39:40,306 - INFO - MemoryGame : Found matching shapes
2021-10-05 17:39:40,306 - INFO - MemoryGame : Game has finished
2021-10-05 17:40:23,161 - INFO - MemoryGame : Starting memory game
2021-10-05 17:40:23,161 - INFO - MemoryGame : Loading game config from file
2021-10-05 17:40:25,716 - INFO - MemoryGame : Picked a pair of boxes
2021-10-05 17:40:25,716 - INFO - MemoryGame : Found matching shapes
2021-10-05 17:40:27,309 - INFO - MemoryGame : Picked a pair of boxes
2021-10-05 17:40:27,309 - INFO - MemoryGame : Chosen shapes do not match
2021-10-05 17:40:30,599 - INFO - MemoryGame : Picked a pair of boxes
2021-10-05 17:40:30,599 - INFO - MemoryGame : Chosen shapes do not match
2021-10-05 17:40:33,468 - INFO - MemoryGame : Picked a pair of boxes
2021-10-05 17:40:33,468 - INFO - MemoryGame : Chosen shapes do not match
2021-10-05 17:40:35,739 - INFO - MemoryGame : Picked a pair of boxes
2021-10-05 17:40:35,739 - INFO - MemoryGame : Chosen shapes do not match
2021-10-05 17:40:37,876 - INFO - MemoryGame : Picked a pair of boxes
2021-10-05 17:40:37,876 - INFO - MemoryGame : Chosen shapes do not match
2021-10-05 17:40:40,676 - INFO - MemoryGame : Picked a pair of boxes
2021-10-05 17:40:40,676 - INFO - MemoryGame : Found matching shapes
2021-10-05 17:40:42,967 - INFO - MemoryGame : Picked a pair of boxes
2021-10-05 17:40:42,967 - INFO - MemoryGame : Chosen shapes do not match
2021-10-05 17:40:45,436 - INFO - MemoryGame : Picked a pair of boxes
2021-10-05 17:40:45,436 - INFO - MemoryGame : Chosen shapes do not match
2021-10-05 17:40:47,608 - INFO - MemoryGame : Picked a pair of boxes
2021-10-05 17:40:47,608 - INFO - MemoryGame : Chosen shapes do not match
2021-10-05 17:40:49,943 - INFO - MemoryGame : Picked a pair of boxes
2021-10-05 17:40:49,943 - INFO - MemoryGame : Chosen shapes do not match
2021-10-05 17:40:52,650 - INFO - MemoryGame : Picked a pair of boxes
2021-10-05 17:40:52,650 - INFO - MemoryGame : Chosen shapes do not match
2021-10-05 17:40:54,885 - INFO - MemoryGame : Picked a pair of boxes
2021-10-05 17:40:54,886 - INFO - MemoryGame : Chosen shapes do not match
2021-10-05 17:40:57,684 - INFO - MemoryGame : Picked a pair of boxes
2021-10-05 17:40:57,685 - INFO - MemoryGame : Chosen shapes do not match
2021-10-05 17:41:03,184 - INFO - MemoryGame : Picked a pair of boxes
2021-10-05 17:41:03,184 - INFO - MemoryGame : Chosen shapes do not match
2021-10-05 17:41:05,720 - INFO - MemoryGame : Picked a pair of boxes
2021-10-05 17:41:05,720 - INFO - MemoryGame : Found matching shapes
2021-10-05 17:41:09,883 - INFO - MemoryGame : Picked a pair of boxes
2021-10-05 17:41:09,884 - INFO - MemoryGame : Found matching shapes
2021-10-05 17:41:11,816 - INFO - MemoryGame : Picked a pair of boxes
2021-10-05 17:41:11,817 - INFO - MemoryGame : Chosen shapes do not match
2021-10-05 17:41:14,221 - INFO - MemoryGame : Picked a pair of boxes
2021-10-05 17:41:14,221 - INFO - MemoryGame : Chosen shapes do not match
2021-10-05 17:41:16,459 - INFO - MemoryGame : Picked a pair of boxes
2021-10-05 17:41:16,459 - INFO - MemoryGame : Chosen shapes do not match
2021-10-05 17:41:18,525 - INFO - MemoryGame : Picked a pair of boxes
2021-10-05 17:41:18,525 - INFO - MemoryGame : Chosen shapes do not match
2021-10-05 17:41:20,823 - INFO - MemoryGame : Picked a pair of boxes
2021-10-05 17:41:20,824 - INFO - MemoryGame : Found matching shapes
2021-10-05 17:41:23,180 - INFO - MemoryGame : Picked a pair of boxes
2021-10-05 17:41:23,180 - INFO - MemoryGame : Found matching shapes
2021-10-05 17:41:24,708 - INFO - MemoryGame : Picked a pair of boxes
2021-10-05 17:41:24,708 - INFO - MemoryGame : Chosen shapes do not match
2021-10-05 17:41:27,178 - INFO - MemoryGame : Picked a pair of boxes
2021-10-05 17:41:27,178 - INFO - MemoryGame : Found matching shapes
2021-10-05 17:41:28,839 - INFO - MemoryGame : Picked a pair of boxes
2021-10-05 17:41:28,839 - INFO - MemoryGame : Chosen shapes do not match
2021-10-05 17:41:31,169 - INFO - MemoryGame : Picked a pair of boxes
2021-10-05 17:41:31,169 - INFO - MemoryGame : Found matching shapes
2021-10-05 17:41:32,339 - INFO - MemoryGame : Picked a pair of boxes
2021-10-05 17:41:32,339 - INFO - MemoryGame : Found matching shapes
2021-10-05 17:41:33,206 - INFO - MemoryGame : Picked a pair of boxes
2021-10-05 17:41:33,206 - INFO - MemoryGame : Found matching shapes
2021-10-05 17:41:33,206 - INFO - MemoryGame : Game has finished
2021-10-05 17:42:03,946 - INFO - MemoryGame : Starting memory game
2021-10-05 17:42:03,947 - INFO - MemoryGame : Loading game config from file
2021-10-05 17:42:05,789 - INFO - MemoryGame : Picked a pair of boxes
2021-10-05 17:42:05,789 - INFO - MemoryGame : Found matching shapes
2021-10-05 17:42:07,390 - INFO - MemoryGame : Picked a pair of boxes
2021-10-05 17:42:07,390 - INFO - MemoryGame : Found matching shapes
2021-10-05 17:42:07,390 - INFO - MemoryGame : Game has finished
2021-10-05 17:42:13,302 - INFO - MemoryGame : Turns taken in this game:2
2021-10-05 17:42:49,912 - INFO - MemoryGame : Starting memory game
2021-10-05 17:42:49,912 - INFO - MemoryGame : Loading game config from file
2021-10-05 17:43:18,085 - INFO - MemoryGame : Starting memory game
2021-10-05 17:43:18,086 - INFO - MemoryGame : Loading game config from file
2021-10-05 17:43:18,086 - ERROR - MemoryGame : Board needs to have an even number of boxes for pairs of matches.
